This is XeTeX, Version 3.14159265-2.6-0.99992 (TeX Live 2015) (preloaded format=xelatex 2015.5.24)  30 OCT 2015 11:36
entering extended mode
 restricted \write18 enabled.
 %&-line parsing enabled.
**process-twitter-data.tex
(./process-twitter-data.tex
LaTeX2e <2015/01/01>
Babel <3.9l> and hyphenation patterns for 79 languages loaded.
(/usr/local/texlive/2015/texmf-dist/tex/latex/base/article.cls
Document Class: article 2014/09/29 v1.4h Standard LaTeX document class
(/usr/local/texlive/2015/texmf-dist/tex/latex/base/size10.clo
File: size10.clo 2014/09/29 v1.4h Standard LaTeX file (size option)
)
\c@part=\count79
\c@section=\count80
\c@subsection=\count81
\c@subsubsection=\count82
\c@paragraph=\count83
\c@subparagraph=\count84
\c@figure=\count85
\c@table=\count86
\abovecaptionskip=\skip41
\belowcaptionskip=\skip42
\bibindent=\dimen102
)
(/usr/local/texlive/2015/texmf-dist/tex/latex/graphics/graphicx.sty
Package: graphicx 2014/10/28 v1.0g Enhanced LaTeX Graphics (DPC,SPQR)

(/usr/local/texlive/2015/texmf-dist/tex/latex/graphics/keyval.sty
Package: keyval 2014/10/28 v1.15 key=value parser (DPC)
\KV@toks@=\toks14
)
(/usr/local/texlive/2015/texmf-dist/tex/latex/graphics/graphics.sty
Package: graphics 2014/10/28 v1.0p Standard LaTeX Graphics (DPC,SPQR)

(/usr/local/texlive/2015/texmf-dist/tex/latex/graphics/trig.sty
Package: trig 1999/03/16 v1.09 sin cos tan (DPC)
)
(/usr/local/texlive/2015/texmf-dist/tex/latex/latexconfig/graphics.cfg
File: graphics.cfg 2010/04/23 v1.9 graphics configuration of TeX Live
)
Package graphics Info: Driver file: xetex.def on input line 94.

(/usr/local/texlive/2015/texmf-dist/tex/xelatex/xetex-def/xetex.def
File: xetex.def 2015/03/25 v4.04 LaTeX color/graphics driver for XeTeX (TeX Liv
e/RRM/JK)
))
\Gin@req@height=\dimen103
\Gin@req@width=\dimen104
)
(/usr/local/texlive/2015/texmf-dist/tex/latex/adjustbox/adjustbox.sty
Package: adjustbox 2012/05/21 v1.0 Adjusting TeX boxes (trim, clip, ...)

(/usr/local/texlive/2015/texmf-dist/tex/latex/xkeyval/xkeyval.sty
Package: xkeyval 2014/12/03 v2.7a package option processing (HA)

(/usr/local/texlive/2015/texmf-dist/tex/generic/xkeyval/xkeyval.tex
(/usr/local/texlive/2015/texmf-dist/tex/generic/xkeyval/xkvutils.tex
\XKV@toks=\toks15
\XKV@tempa@toks=\toks16
)
\XKV@depth=\count87
File: xkeyval.tex 2014/12/03 v2.7a key=value parser (HA)
))
(/usr/local/texlive/2015/texmf-dist/tex/latex/adjustbox/adjcalc.sty
Package: adjcalc 2012/05/16 v1.1 Provides advanced setlength with multiple back
-ends (calc, etex, pgfmath)
)
(/usr/local/texlive/2015/texmf-dist/tex/latex/adjustbox/trimclip.sty
Package: trimclip 2012/05/16 v1.0 Trim and clip general TeX material

(/usr/local/texlive/2015/texmf-dist/tex/latex/collectbox/collectbox.sty
Package: collectbox 2012/05/17 v0.4b Collect macro arguments as boxes
\collectedbox=\box26
)
\tc@llx=\dimen105
\tc@lly=\dimen106
\tc@urx=\dimen107
\tc@ury=\dimen108
Package trimclip Info: Using driver 'tc-xetex.def'.

(/usr/local/texlive/2015/texmf-dist/tex/latex/adjustbox/tc-xetex.def
File: tc-xetex.def 2012/05/13 v1.0 Clipping driver for xetex
))
\adjbox@Width=\dimen109
\adjbox@Height=\dimen110
\adjbox@Depth=\dimen111
\adjbox@Totalheight=\dimen112

(/usr/local/texlive/2015/texmf-dist/tex/latex/ifoddpage/ifoddpage.sty
Package: ifoddpage 2011/09/13 v1.0 Conditionals for odd/even page detection
\c@checkoddpage=\count88
)
(/usr/local/texlive/2015/texmf-dist/tex/latex/varwidth/varwidth.sty
Package: varwidth 2009/03/30 ver 0.92;  Variable-width minipages
\@vwid@box=\box27
\sift@deathcycles=\count89
\@vwid@loff=\dimen113
\@vwid@roff=\dimen114
))
(/usr/local/texlive/2015/texmf-dist/tex/latex/graphics/color.sty
Package: color 2014/10/28 v1.1a Standard LaTeX Color (DPC)

(/usr/local/texlive/2015/texmf-dist/tex/latex/latexconfig/color.cfg
File: color.cfg 2007/01/18 v1.5 color configuration of teTeX/TeXLive
)
Package color Info: Driver file: xetex.def on input line 142.
)
(/usr/local/texlive/2015/texmf-dist/tex/latex/tools/enumerate.sty
Package: enumerate 2014/10/28 v3.00 enumerate extensions (DPC)
\@enLab=\toks17
)
(/usr/local/texlive/2015/texmf-dist/tex/latex/geometry/geometry.sty
Package: geometry 2010/09/12 v5.6 Page Geometry

(/usr/local/texlive/2015/texmf-dist/tex/generic/oberdiek/ifpdf.sty
Package: ifpdf 2011/01/30 v2.3 Provides the ifpdf switch (HO)
Package ifpdf Info: pdfTeX in PDF mode is not detected.
)
(/usr/local/texlive/2015/texmf-dist/tex/generic/oberdiek/ifvtex.sty
Package: ifvtex 2010/03/01 v1.5 Detect VTeX and its facilities (HO)
Package ifvtex Info: VTeX not detected.
)
(/usr/local/texlive/2015/texmf-dist/tex/generic/ifxetex/ifxetex.sty
Package: ifxetex 2010/09/12 v0.6 Provides ifxetex conditional
)
\Gm@cnth=\count90
\Gm@cntv=\count91
\c@Gm@tempcnt=\count92
\Gm@bindingoffset=\dimen115
\Gm@wd@mp=\dimen116
\Gm@odd@mp=\dimen117
\Gm@even@mp=\dimen118
\Gm@layoutwidth=\dimen119
\Gm@layoutheight=\dimen120
\Gm@layouthoffset=\dimen121
\Gm@layoutvoffset=\dimen122
\Gm@dimlist=\toks18
)
(/usr/local/texlive/2015/texmf-dist/tex/latex/amsmath/amsmath.sty
Package: amsmath 2013/01/14 v2.14 AMS math features
\@mathmargin=\skip43

For additional information on amsmath, use the `?' option.
(/usr/local/texlive/2015/texmf-dist/tex/latex/amsmath/amstext.sty
Package: amstext 2000/06/29 v2.01

(/usr/local/texlive/2015/texmf-dist/tex/latex/amsmath/amsgen.sty
File: amsgen.sty 1999/11/30 v2.0
\@emptytoks=\toks19
\ex@=\dimen123
))
(/usr/local/texlive/2015/texmf-dist/tex/latex/amsmath/amsbsy.sty
Package: amsbsy 1999/11/29 v1.2d
\pmbraise@=\dimen124
)
(/usr/local/texlive/2015/texmf-dist/tex/latex/amsmath/amsopn.sty
Package: amsopn 1999/12/14 v2.01 operator names
)
\inf@bad=\count93
LaTeX Info: Redefining \frac on input line 210.
\uproot@=\count94
\leftroot@=\count95
LaTeX Info: Redefining \overline on input line 306.
\classnum@=\count96
\DOTSCASE@=\count97
LaTeX Info: Redefining \ldots on input line 378.
LaTeX Info: Redefining \dots on input line 381.
LaTeX Info: Redefining \cdots on input line 466.
\Mathstrutbox@=\box28
\strutbox@=\box29
\big@size=\dimen125
LaTeX Font Info:    Redeclaring font encoding OML on input line 566.
LaTeX Font Info:    Redeclaring font encoding OMS on input line 567.
\macc@depth=\count98
\c@MaxMatrixCols=\count99
\dotsspace@=\muskip10
\c@parentequation=\count100
\dspbrk@lvl=\count101
\tag@help=\toks20
\row@=\count102
\column@=\count103
\maxfields@=\count104
\andhelp@=\toks21
\eqnshift@=\dimen126
\alignsep@=\dimen127
\tagshift@=\dimen128
\tagwidth@=\dimen129
\totwidth@=\dimen130
\lineht@=\dimen131
\@envbody=\toks22
\multlinegap=\skip44
\multlinetaggap=\skip45
\mathdisplay@stack=\toks23
LaTeX Info: Redefining \[ on input line 2665.
LaTeX Info: Redefining \] on input line 2666.
)
(/usr/local/texlive/2015/texmf-dist/tex/latex/amsfonts/amssymb.sty
Package: amssymb 2013/01/14 v3.01 AMS font symbols

(/usr/local/texlive/2015/texmf-dist/tex/latex/amsfonts/amsfonts.sty
Package: amsfonts 2013/01/14 v3.01 Basic AMSFonts support
\symAMSa=\mathgroup4
\symAMSb=\mathgroup5
LaTeX Font Info:    Overwriting math alphabet `\mathfrak' in version `bold'
(Font)                  U/euf/m/n --> U/euf/b/n on input line 106.
))
(/usr/local/texlive/2015/texmf-dist/tex/latex/eurosym/eurosym.sty
Package: eurosym 1998/08/06 v1.1 European currency symbol ``Euro''
\@eurobox=\box30
)
(/usr/local/texlive/2015/texmf-dist/tex/latex/ucs/ucs.sty
Package: ucs 2013/05/11 v2.2 UCS: Unicode input support

(/usr/local/texlive/2015/texmf-dist/tex/latex/ucs/data/uni-global.def
File: uni-global.def 2013/05/13 UCS: Unicode global data
)
\uc@secondtry=\count105
\uc@combtoks=\toks24
\uc@combtoksb=\toks25
\uc@temptokena=\toks26
)
(/usr/local/texlive/2015/texmf-dist/tex/latex/base/inputenc.sty
Package: inputenc 2015/03/17 v1.2c Input encoding file
\inpenc@prehook=\toks27
\inpenc@posthook=\toks28


Package inputenc Warning: inputenc package ignored with utf8 based engines.

) (/usr/local/texlive/2015/texmf-dist/tex/latex/fancyvrb/fancyvrb.sty
Package: fancyvrb 2008/02/07

Style option: `fancyvrb' v2.7a, with DG/SPQR fixes, and firstline=lastline fix 
<2008/02/07> (tvz)
\FV@CodeLineNo=\count106
\FV@InFile=\read1
\FV@TabBox=\box31
\c@FancyVerbLine=\count107
\FV@StepNumber=\count108
\FV@OutFile=\write3
)
(/usr/local/texlive/2015/texmf-dist/tex/latex/oberdiek/grffile.sty
Package: grffile 2012/04/05 v1.16 Extended file name support for graphics (HO)

(/usr/local/texlive/2015/texmf-dist/tex/latex/oberdiek/kvoptions.sty
Package: kvoptions 2011/06/30 v3.11 Key value format for package options (HO)

(/usr/local/texlive/2015/texmf-dist/tex/generic/oberdiek/ltxcmds.sty
Package: ltxcmds 2011/11/09 v1.22 LaTeX kernel commands for general use (HO)
)
(/usr/local/texlive/2015/texmf-dist/tex/generic/oberdiek/kvsetkeys.sty
Package: kvsetkeys 2012/04/25 v1.16 Key value parser (HO)

(/usr/local/texlive/2015/texmf-dist/tex/generic/oberdiek/infwarerr.sty
Package: infwarerr 2010/04/08 v1.3 Providing info/warning/error messages (HO)
)
(/usr/local/texlive/2015/texmf-dist/tex/generic/oberdiek/etexcmds.sty
Package: etexcmds 2011/02/16 v1.5 Avoid name clashes with e-TeX commands (HO)

(/usr/local/texlive/2015/texmf-dist/tex/generic/oberdiek/ifluatex.sty
Package: ifluatex 2010/03/01 v1.3 Provides the ifluatex switch (HO)
Package ifluatex Info: LuaTeX not detected.
)
Package etexcmds Info: Could not find \expanded.
(etexcmds)             That can mean that you are not using pdfTeX 1.50 or
(etexcmds)             that some package has redefined \expanded.
(etexcmds)             In the latter case, load this package earlier.
)))
(/usr/local/texlive/2015/texmf-dist/tex/generic/oberdiek/pdftexcmds.sty
Package: pdftexcmds 2011/11/29 v0.20 Utility functions of pdfTeX for LuaTeX (HO
)
Package pdftexcmds Info: LuaTeX not detected.
Package pdftexcmds Info: pdfTeX >= 1.30 not detected.
Package pdftexcmds Info: \pdf@primitive is available.
Package pdftexcmds Info: \pdf@ifprimitive is available.
Package pdftexcmds Info: \pdfdraftmode not found.
)
Package grffile Info: \Gread@QTm patched on input line 253.
Package grffile Info: \Gread@eps patched on input line 303.
Package grffile Info: Option `multidot' is set to `true'.
Package grffile Info: Option `extendedchars' is set to `false'.
Package grffile Info: Option `space' is set to `true'.
Package grffile Info: \Gin@ii of package `graphicx' fixed on input line 486.
)
(/usr/local/texlive/2015/texmf-dist/tex/latex/hyperref/hyperref.sty
Package: hyperref 2012/11/06 v6.83m Hypertext links for LaTeX

(/usr/local/texlive/2015/texmf-dist/tex/generic/oberdiek/hobsub-hyperref.sty
Package: hobsub-hyperref 2012/05/28 v1.13 Bundle oberdiek, subset hyperref (HO)


(/usr/local/texlive/2015/texmf-dist/tex/generic/oberdiek/hobsub-generic.sty
Package: hobsub-generic 2012/05/28 v1.13 Bundle oberdiek, subset generic (HO)
Package: hobsub 2012/05/28 v1.13 Construct package bundles (HO)
Package hobsub Info: Skipping package `infwarerr' (already loaded).
Package hobsub Info: Skipping package `ltxcmds' (already loaded).
Package hobsub Info: Skipping package `ifluatex' (already loaded).
Package hobsub Info: Skipping package `ifvtex' (already loaded).
Package: intcalc 2007/09/27 v1.1 Expandable calculations with integers (HO)
Package hobsub Info: Skipping package `ifpdf' (already loaded).
Package hobsub Info: Skipping package `etexcmds' (already loaded).
Package hobsub Info: Skipping package `kvsetkeys' (already loaded).
Package: kvdefinekeys 2011/04/07 v1.3 Define keys (HO)
Package hobsub Info: Skipping package `pdftexcmds' (already loaded).
Package: pdfescape 2011/11/25 v1.13 Implements pdfTeX's escape features (HO)
Package: bigintcalc 2012/04/08 v1.3 Expandable calculations on big integers (HO
)
Package: bitset 2011/01/30 v1.1 Handle bit-vector datatype (HO)
Package: uniquecounter 2011/01/30 v1.2 Provide unlimited unique counter (HO)
)
Package hobsub Info: Skipping package `hobsub' (already loaded).
Package: letltxmacro 2010/09/02 v1.4 Let assignment for LaTeX macros (HO)
Package: hopatch 2012/05/28 v1.2 Wrapper for package hooks (HO)
Package: xcolor-patch 2011/01/30 xcolor patch
Package: atveryend 2011/06/30 v1.8 Hooks at the very end of document (HO)
Package atveryend Info: \enddocument detected (standard20110627).
Package: atbegshi 2011/10/05 v1.16 At begin shipout hook (HO)
Package: refcount 2011/10/16 v3.4 Data extraction from label references (HO)
Package: hycolor 2011/01/30 v1.7 Color options for hyperref/bookmark (HO)
)
(/usr/local/texlive/2015/texmf-dist/tex/latex/oberdiek/auxhook.sty
Package: auxhook 2011/03/04 v1.3 Hooks for auxiliary files (HO)
)
\@linkdim=\dimen132
\Hy@linkcounter=\count109
\Hy@pagecounter=\count110

(/usr/local/texlive/2015/texmf-dist/tex/latex/hyperref/pd1enc.def
File: pd1enc.def 2012/11/06 v6.83m Hyperref: PDFDocEncoding definition (HO)
)
\Hy@SavedSpaceFactor=\count111

(/usr/local/texlive/2015/texmf-dist/tex/latex/latexconfig/hyperref.cfg
File: hyperref.cfg 2002/06/06 v1.2 hyperref configuration of TeXLive
)
Package hyperref Info: Hyper figures OFF on input line 4443.
Package hyperref Info: Link nesting OFF on input line 4448.
Package hyperref Info: Hyper index ON on input line 4451.
Package hyperref Info: Plain pages OFF on input line 4458.
Package hyperref Info: Backreferencing OFF on input line 4463.
Package hyperref Info: Implicit mode ON; LaTeX internals redefined.
Package hyperref Info: Bookmarks ON on input line 4688.
\c@Hy@tempcnt=\count112

(/usr/local/texlive/2015/texmf-dist/tex/latex/url/url.sty
\Urlmuskip=\muskip11
Package: url 2013/09/16  ver 3.4  Verb mode for urls, etc.
)
LaTeX Info: Redefining \url on input line 5041.
\XeTeXLinkMargin=\dimen133
\Fld@menulength=\count113
\Field@Width=\dimen134
\Fld@charsize=\dimen135
Package hyperref Info: Hyper figures OFF on input line 6295.
Package hyperref Info: Link nesting OFF on input line 6300.
Package hyperref Info: Hyper index ON on input line 6303.
Package hyperref Info: backreferencing OFF on input line 6310.
Package hyperref Info: Link coloring OFF on input line 6315.
Package hyperref Info: Link coloring with OCG OFF on input line 6320.
Package hyperref Info: PDF/A mode OFF on input line 6325.
LaTeX Info: Redefining \ref on input line 6365.
LaTeX Info: Redefining \pageref on input line 6369.
\Hy@abspage=\count114
\c@Item=\count115
\c@Hfootnote=\count116
)

Package hyperref Message: Driver (autodetected): hxetex.

(/usr/local/texlive/2015/texmf-dist/tex/latex/hyperref/hxetex.def
File: hxetex.def 2012/11/06 v6.83m Hyperref driver for XeTeX

(/usr/local/texlive/2015/texmf-dist/tex/latex/hyperref/puenc.def
File: puenc.def 2012/11/06 v6.83m Hyperref: PDF Unicode definition (HO)
)
(/usr/local/texlive/2015/texmf-dist/tex/generic/oberdiek/stringenc.sty
Package: stringenc 2011/12/02 v1.10 Convert strings between diff. encodings (HO
)
)
\pdfm@box=\box32
\c@Hy@AnnotLevel=\count117
\HyField@AnnotCount=\count118
\Fld@listcount=\count119
\c@bookmark@seq@number=\count120

(/usr/local/texlive/2015/texmf-dist/tex/latex/oberdiek/rerunfilecheck.sty
Package: rerunfilecheck 2011/04/15 v1.7 Rerun checks for auxiliary files (HO)
Package rerunfilecheck Info: Feature \pdfmdfivesum is not available
(rerunfilecheck)             (e.g. pdfTeX or LuaTeX with package `pdftexcmds').

(rerunfilecheck)             Therefore file contents cannot be checked efficien
tly
(rerunfilecheck)             and the loading of the package is aborted.
)
\Hy@SectionHShift=\skip46
)
(/usr/local/texlive/2015/texmf-dist/tex/latex/tools/longtable.sty
Package: longtable 2014/10/28 v4.11 Multi-page Table package (DPC)
\LTleft=\skip47
\LTright=\skip48
\LTpre=\skip49
\LTpost=\skip50
\LTchunksize=\count121
\LTcapwidth=\dimen136
\LT@head=\box33
\LT@firsthead=\box34
\LT@foot=\box35
\LT@lastfoot=\box36
\LT@cols=\count122
\LT@rows=\count123
\c@LT@tables=\count124
\c@LT@chunks=\count125
\LT@p@ftn=\toks29
)
(/usr/local/texlive/2015/texmf-dist/tex/latex/booktabs/booktabs.sty
Package: booktabs 2005/04/14 v1.61803 publication quality tables
\heavyrulewidth=\dimen137
\lightrulewidth=\dimen138
\cmidrulewidth=\dimen139
\belowrulesep=\dimen140
\belowbottomsep=\dimen141
\aboverulesep=\dimen142
\abovetopsep=\dimen143
\cmidrulesep=\dimen144
\cmidrulekern=\dimen145
\defaultaddspace=\dimen146
\@cmidla=\count126
\@cmidlb=\count127
\@aboverulesep=\dimen147
\@belowrulesep=\dimen148
\@thisruleclass=\count128
\@lastruleclass=\count129
\@thisrulewidth=\dimen149
)
Package color Info: Redefining color red on input line 51.
Package color Info: Redefining color green on input line 52.
Package color Info: Redefining color blue on input line 54.
Package color Info: Redefining color cyan on input line 56.
Package color Info: Redefining color lightgray on input line 57.
Package hyperref Info: Option `breaklinks' set `true' on input line 214.
Package hyperref Info: Option `colorlinks' set `true' on input line 214.

(./process-twitter-data.aux)
\openout1 = `process-twitter-data.aux'.

LaTeX Font Info:    Checking defaults for OML/cmm/m/it on input line 221.
LaTeX Font Info:    ... okay on input line 221.
LaTeX Font Info:    Checking defaults for T1/cmr/m/n on input line 221.
LaTeX Font Info:    ... okay on input line 221.
LaTeX Font Info:    Checking defaults for OT1/cmr/m/n on input line 221.
LaTeX Font Info:    ... okay on input line 221.
LaTeX Font Info:    Checking defaults for OMS/cmsy/m/n on input line 221.
LaTeX Font Info:    ... okay on input line 221.
LaTeX Font Info:    Checking defaults for OMX/cmex/m/n on input line 221.
LaTeX Font Info:    ... okay on input line 221.
LaTeX Font Info:    Checking defaults for U/cmr/m/n on input line 221.
LaTeX Font Info:    ... okay on input line 221.
LaTeX Font Info:    Checking defaults for PD1/pdf/m/n on input line 221.
LaTeX Font Info:    ... okay on input line 221.
LaTeX Font Info:    Checking defaults for PU/pdf/m/n on input line 221.
LaTeX Font Info:    ... okay on input line 221.

*geometry* driver: auto-detecting
*geometry* detected driver: xetex

Package geometry Warning: The marginal notes overrun the paper.
     Add 3.73001pt and more to the right margin.

*geometry* verbose mode - [ preamble ] result:
* driver: xetex
* paper: <default>
* layout: <same size as paper>
* layoutoffset:(h,v)=(0.0pt,0.0pt)
* modes: 
* h-part:(L,W,R)=(72.26999pt, 469.75502pt, 72.26999pt)
* v-part:(T,H,B)=(72.26999pt, 650.43001pt, 72.26999pt)
* \paperwidth=614.295pt
* \paperheight=794.96999pt
* \textwidth=469.75502pt
* \textheight=650.43001pt
* \oddsidemargin=0.0pt
* \evensidemargin=0.0pt
* \topmargin=-37.0pt
* \headheight=12.0pt
* \headsep=25.0pt
* \topskip=10.0pt
* \footskip=30.0pt
* \marginparwidth=65.0pt
* \marginparsep=11.0pt
* \columnsep=10.0pt
* \skip\footins=9.0pt plus 4.0pt minus 2.0pt
* \hoffset=0.0pt
* \voffset=0.0pt
* \mag=1000
* \@twocolumnfalse
* \@twosidefalse
* \@mparswitchfalse
* \@reversemarginfalse
* (1in=72.27pt=25.4mm, 1cm=28.453pt)

(/usr/local/texlive/2015/texmf-dist/tex/latex/ucs/ucsencs.def
File: ucsencs.def 2011/01/21 Fixes to fontencodings LGR, T3
)
\AtBeginShipoutBox=\box37
Package hyperref Info: Link coloring ON on input line 221.

(/usr/local/texlive/2015/texmf-dist/tex/latex/hyperref/nameref.sty
Package: nameref 2012/10/27 v2.43 Cross-referencing by name of section

(/usr/local/texlive/2015/texmf-dist/tex/generic/oberdiek/gettitlestring.sty
Package: gettitlestring 2010/12/03 v1.4 Cleanup title references (HO)
)
\c@section@level=\count130
)
LaTeX Info: Redefining \ref on input line 221.
LaTeX Info: Redefining \pageref on input line 221.
LaTeX Info: Redefining \nameref on input line 221.

(./process-twitter-data.out) (./process-twitter-data.out)
\@outlinefile=\write4
\openout4 = `process-twitter-data.out'.



Package hyperref Warning: Rerun to get /PageLabels entry.

LaTeX Font Info:    Try loading font information for U+msa on input line 225.
(/usr/local/texlive/2015/texmf-dist/tex/latex/amsfonts/umsa.fd
File: umsa.fd 2013/01/14 v3.01 AMS symbols A
)
LaTeX Font Info:    Try loading font information for U+msb on input line 225.

(/usr/local/texlive/2015/texmf-dist/tex/latex/amsfonts/umsb.fd
File: umsb.fd 2013/01/14 v3.01 AMS symbols B
)

LaTeX Warning: No \author given.

LaTeX Font Info:    Font shape `OT1/cmtt/bx/n' in size <10> not available
(Font)              Font shape `OT1/cmtt/m/n' tried instead on input line 230.
Missing character: There is no （ in font cmtt10!
Missing character: There is no ● in font cmtt10!
Missing character: There is no ＾ in font cmtt10!
Missing character: There is no ＾ in font cmtt10!
Missing character: There is no ● in font cmtt10!
Missing character: There is no ） in font cmtt10!
Missing character: There is no （ in font cmtt10!
Missing character: There is no ＾ in font cmtt10!
Missing character: There is no ◇ in font cmtt10!
Missing character: There is no ＾ in font cmtt10!
Missing character: There is no ） in font cmtt10!
Missing character: There is no ´ in font cmtt10!
Missing character: There is no ｰ in font cmtt10!
Missing character: There is no ´ in font cmtt10!
Missing character: There is no ∀ in font cmtt10!
Missing character: There is no ｀ in font cmtt10!
Missing character: There is no ´ in font cmtt10!
Missing character: There is no ω in font cmtt10!
Missing character: There is no ｀ in font cmtt10!
Missing character: There is no ´ in font cmtt10!
Missing character: There is no 艸 in font cmtt10!
Missing character: There is no ｀ in font cmtt10!
Missing character: There is no ω in font cmtt10!
Missing character: There is no ＼ in font cmtt10!
Missing character: There is no ヽ in font cmtt10!
Missing character: There is no ´ in font cmtt10!
Missing character: There is no ▽ in font cmtt10!
Missing character: There is no ﾉ in font cmtt10!
Missing character: There is no ＼ in font cmtt10!
Missing character: There is no ／ in font cmtt10!
Missing character: There is no σ in font cmtt10!
Missing character: There is no σ in font cmtt10!
Missing character: There is no ´ in font cmtt10!
Missing character: There is no ∀ in font cmtt10!
Missing character: There is no ｀ in font cmtt10!
Missing character: There is no ゞ in font cmtt10!
Missing character: There is no ゝ in font cmtt10!
Missing character: There is no 人 in font cmtt10!
Missing character: There is no ☆ in font cmtt10!
Missing character: There is no з in font cmtt10!
Missing character: There is no ☆ in font cmtt10!
Missing character: There is no ￣ in font cmtt10!
Missing character: There is no ー in font cmtt10!
Missing character: There is no ￣ in font cmtt10!
Missing character: There is no ｂ in font cmtt10!
Missing character: There is no φ in font cmtt10!
Missing character: There is no ／ in font cmtt10!
Missing character: There is no □ in font cmtt10!
Missing character: There is no ☆ in font cmtt10!
Missing character: There is no □ in font cmtt10!
Missing character: There is no ＼ in font cmtt10!
Missing character: There is no ／ in font cmtt10!
Missing character: There is no ＼ in font cmtt10!
Missing character: There is no ／ in font cmtt10!
Missing character: There is no ＼ in font cmtt10!
Missing character: There is no ＼ in font cmtt10!
Missing character: There is no ／ in font cmtt10!
Missing character: There is no ﾟ in font cmtt10!
Missing character: There is no Д in font cmtt10!
Missing character: There is no ﾟ in font cmtt10!
Missing character: There is no ゜ in font cmtt10!
Missing character: There is no ゜ in font cmtt10!
Missing character: There is no ノ in font cmtt10!
Missing character: There is no ゛ in font cmtt10!
Missing character: There is no ﾉ in font cmtt10!
Missing character: There is no ´ in font cmtt10!
Missing character: There is no Д in font cmtt10!
Missing character: There is no ヽ in font cmtt10!
Missing character: There is no ﾟ in font cmtt10!
Missing character: There is no Д in font cmtt10!
Missing character: There is no ﾟ in font cmtt10!
Missing character: There is no ﾉ in font cmtt10!
Missing character: There is no メ in font cmtt10!
Missing character: There is no ー in font cmtt10!
Missing character: There is no ー in font cmtt10!
Missing character: There is no ゛ in font cmtt10!
Missing character: There is no ’ in font cmtt10!
Missing character: There is no ’ in font cmtt10!
Missing character: There is no ｀ in font cmtt10!
Missing character: There is no ´ in font cmtt10!
Missing character: There is no ） in font cmtt10!
Missing character: There is no ヽ in font cmtt10!
Missing character: There is no ｀ in font cmtt10!
Missing character: There is no Д in font cmtt10!
Missing character: There is no ´ in font cmtt10!
Missing character: There is no ﾉ in font cmtt10!
Missing character: There is no ￣ in font cmtt10!
Missing character: There is no へ in font cmtt10!
Missing character: There is no ￣ in font cmtt10!
Missing character: There is no 井 in font cmtt10!
Missing character: There is no ε in font cmtt10!
Missing character: There is no ´ in font cmtt10!
Missing character: There is no 。 in font cmtt10!
Missing character: There is no ￣ in font cmtt10!
Missing character: There is no д in font cmtt10!
Missing character: There is no ￣ in font cmtt10!
Missing character: There is no ´ in font cmtt10!
Missing character: There is no Д in font cmtt10!
Missing character: There is no ｀ in font cmtt10!
Missing character: There is no ﾉ in font cmtt10!
Missing character: There is no ´ in font cmtt10!
Missing character: There is no □ in font cmtt10!
Missing character: There is no ｀ in font cmtt10!
Missing character: There is no ﾉ in font cmtt10!
Missing character: There is no ヽ in font cmtt10!
Missing character: There is no ´ in font cmtt10!
Missing character: There is no Д in font cmtt10!
Missing character: There is no ｀ in font cmtt10!
Missing character: There is no ﾉ in font cmtt10!
Missing character: There is no ┐ in font cmtt10!
Missing character: There is no ´ in font cmtt10!
Missing character: There is no ～ in font cmtt10!
Missing character: There is no ； in font cmtt10!
Missing character: There is no ┌ in font cmtt10!
Missing character: There is no ´ in font cmtt10!
Missing character: There is no Д in font cmtt10!
Missing character: There is no ｀ in font cmtt10!
Missing character: There is no ｜ in font cmtt10!
Missing character: There is no ｜ in font cmtt10!
Missing character: There is no ﾉ in font cmtt10!
Missing character: There is no д in font cmtt10!
Missing character: There is no ヽ in font cmtt10!
Missing character: There is no д in font cmtt10!
Missing character: There is no ﾉ in font cmtt10!
Missing character: There is no ´ in font cmtt10!
Missing character: There is no □ in font cmtt10!
Missing character: There is no ｀ in font cmtt10!
Missing character: There is no ヽ in font cmtt10!
Missing character: There is no ´ in font cmtt10!
Missing character: There is no Д in font cmtt10!
Missing character: There is no ノ in font cmtt10!
Missing character: There is no ｏ in font cmtt10!
Missing character: There is no ´ in font cmtt10!
Missing character: There is no ｀ in font cmtt10!
Missing character: There is no ｏ in font cmtt10!
Missing character: There is no ＼ in font cmtt10!
Missing character: There is no д in font cmtt10!
Missing character: There is no （ in font cmtt10!
Missing character: There is no ￣ in font cmtt10!
Missing character: There is no □ in font cmtt10!
Missing character: There is no ￣ in font cmtt10!
Missing character: There is no ； in font cmtt10!
Missing character: There is no ） in font cmtt10!
Missing character: There is no ￣ in font cmtt10!
Missing character: There is no □ in font cmtt10!
Missing character: There is no ￣ in font cmtt10!
Missing character: There is no ＠ in font cmtt10!
Missing character: There is no ＠ in font cmtt10!
Missing character: There is no ┗ in font cmtt10!
Missing character: There is no ┛ in font cmtt10!
Missing character: There is no イ in font cmtt10!
Missing character: There is no タ in font cmtt10!
Missing character: There is no 電 in font cmtt10!
Missing character: There is no す in font cmtt10!
Missing character: There is no る in font cmtt10!
Missing character: There is no ぞ in font cmtt10!
Missing character: There is no ぉ in font cmtt10!
Missing character: There is no ぉ in font cmtt10!
Missing character: There is no ぉ in font cmtt10!
Missing character: There is no ｗ in font cmtt10!
Missing character: There is no ｗ in font cmtt10!
Missing character: There is no ☎ in font cmtt10!
Missing character: There is no ┐ in font cmtt10!
Missing character: There is no も in font cmtt10!
Missing character: There is no し in font cmtt10!
Missing character: There is no も in font cmtt10!
Missing character: There is no し in font cmtt10!
Missing character: There is no ｗ in font cmtt10!
Missing character: There is no ｗ in font cmtt10!
Missing character: There is no ｗ in font cmtt10!
Missing character: There is no ｗ in font cmtt10!
Missing character: There is no ｗ in font cmtt10!
Missing character: There is no ｗ in font cmtt10!
Missing character: There is no ｗ in font cmtt10!
Missing character: There is no ｗ in font cmtt10!
(/usr/local/texlive/2015/texmf-dist/tex/generic/oberdiek/se-ascii-print.def
File: se-ascii-print.def 2011/12/02 v1.10 stringenc: Printable ASCII characters

)
[1

]
File: process-twitter-data_files/process-twitter-data_5_1.png Graphic file (typ
e QTm)
 <use  "process-twitter-data_files/process-twitter-data_5_1.png" >
Underfull \hbox (badness 10000) in paragraph at lines 298--299

 []

Missing character: There is no 【 in font cmtt10!
Missing character: There is no ち in font cmtt10!
Missing character: There is no ぃ in font cmtt10!
Missing character: There is no 汰 in font cmtt10!
Missing character: There is no 】 in font cmtt10!
Missing character: There is no 夜 in font cmtt10!
Missing character: There is no も in font cmtt10!
Missing character: There is no す in font cmtt10!
Missing character: There is no が in font cmtt10!
Missing character: There is no ら in font cmtt10!
Missing character: There is no 君 in font cmtt10!
Missing character: There is no 想 in font cmtt10!
Missing character: There is no ふ in font cmtt10!
Missing character: There is no 【 in font cmtt10!
Missing character: There is no 元 in font cmtt10!
Missing character: There is no 気 in font cmtt10!
Missing character: There is no に in font cmtt10!
Missing character: There is no 踊 in font cmtt10!
Missing character: There is no っ in font cmtt10!
Missing character: There is no て in font cmtt10!
Missing character: There is no み in font cmtt10!
Missing character: There is no た in font cmtt10!
Missing character: There is no 】 in font cmtt10!
File: process-twitter-data_files/process-twitter-data_8_1.png Graphic file (typ
e QTm)
<use  "process-twitter-data_files/process-twitter-data_8_1.png" > [2]
Underfull \hbox (badness 10000) in paragraph at lines 332--333

 []

Package atveryend Info: Empty hook `BeforeClearDocument' on input line 348.
[3]
Package atveryend Info: Empty hook `AfterLastShipout' on input line 348.
 (./process-twitter-data.aux)
Package atveryend Info: Empty hook `AtVeryEndDocument' on input line 348.
Package atveryend Info: Empty hook `AtEndAfterFileList' on input line 348.
Package atveryend Info: Empty hook `AtVeryVeryEnd' on input line 348.
 ) 
Here is how much of TeX's memory you used:
 11167 strings out of 493706
 158892 string characters out of 6145769
 247603 words of memory out of 5000000
 14367 multiletter control sequences out of 15000+600000
 9280 words of font info for 36 fonts, out of 8000000 for 9000
 1328 hyphenation exceptions out of 8191
 36i,6n,33p,3412b,460s stack positions out of 5000i,500n,10000p,200000b,80000s

Output written on process-twitter-data.pdf (3 pages).
